<?xml version="1.0" encoding="UTF-8"?>
<!-- Generated by org.testng.reporters.JUnitReportReporter -->
<testsuite skipped="0" hostname="DESKTOP-3HB8IKU" name="Application" tests="3" failures="0" timestamp="18 Oct 2019 13:21:30 GMT" time="7.680" errors="0">
  <testcase name="testcase1" time="7.665" classname="Application"/>
  <testcase name="testcase3" time="0.006" classname="Application"/>
  <testcase name="testcase2" time="0.009" classname="Application"/>
</testsuite> <!-- Application -->
